2025-04-04 12:16:28.587081 - Received CBT.V508.FILE590.PDS from FILE590.XMI 
2025-04-04 12:16:28.589501 - Found $$$#DATE.txt (text/plain) in CBT.V508.FILE590.PDS, moved to PDS/$$$#DATE
2025-04-04 12:16:28.589663 - Found $$ASMDOC.txt (text/plain) in CBT.V508.FILE590.PDS, moved to PDS/$$ASMDOC
2025-04-04 12:16:28.589802 - Found $$NOTE1.txt (text/plain) in CBT.V508.FILE590.PDS, moved to PDS/$$NOTE1
2025-04-04 12:16:28.589935 - Found @FILE590.txt (text/plain) in CBT.V508.FILE590.PDS, moved to PDS/@FILE590
2025-04-04 12:16:28.590091 - Found ASM00001.jcl (text/plain) in CBT.V508.FILE590.PDS, moved to PDS/ASM00001
2025-04-04 12:16:28.590252 - Found ASM00002.jcl (text/plain) in CBT.V508.FILE590.PDS, moved to PDS/ASM00002
2025-04-04 12:16:28.590391 - Found ASM00003.jcl (text/plain) in CBT.V508.FILE590.PDS, moved to PDS/ASM00003
2025-04-04 12:16:28.590526 - Found ASM00004.jcl (text/plain) in CBT.V508.FILE590.PDS, moved to PDS/ASM00004
2025-04-04 12:16:28.590664 - Found ASM00005.jcl (text/plain) in CBT.V508.FILE590.PDS, moved to PDS/ASM00005
2025-04-04 12:16:28.590797 - Found ASM00006.jcl (text/plain) in CBT.V508.FILE590.PDS, moved to PDS/ASM00006
2025-04-04 12:16:28.590926 - Found ASM00007.jcl (text/plain) in CBT.V508.FILE590.PDS, moved to PDS/ASM00007
2025-04-04 12:16:28.591042 - Found ASM00008.jcl (text/plain) in CBT.V508.FILE590.PDS, moved to PDS/ASM00008
2025-04-04 12:16:28.591188 - Found ASM00009.jcl (text/plain) in CBT.V508.FILE590.PDS, moved to PDS/ASM00009
2025-04-04 12:16:28.591352 - Found ASM00010.jcl (text/plain) in CBT.V508.FILE590.PDS, moved to PDS/ASM00010
2025-04-04 12:16:28.591485 - Found ASM00011.jcl (text/plain) in CBT.V508.FILE590.PDS, moved to PDS/ASM00011
2025-04-04 12:16:28.591612 - Found ASM00012.txt (text/plain) in CBT.V508.FILE590.PDS, moved to PDS/ASM00012
2025-04-04 12:16:28.591749 - Found ASM00013.txt (text/plain) in CBT.V508.FILE590.PDS, moved to PDS/ASM00013
2025-04-04 12:16:28.591880 - Found ASM00014.jcl (text/plain) in CBT.V508.FILE590.PDS, moved to PDS/ASM00014
2025-04-04 12:16:28.592006 - Found ASM00015.jcl (text/plain) in CBT.V508.FILE590.PDS, moved to PDS/ASM00015
2025-04-04 12:16:28.592147 - Found ASM00016.jcl (text/plain) in CBT.V508.FILE590.PDS, moved to PDS/ASM00016
2025-04-04 12:16:28.592273 - Found ASM00017.jcl (text/plain) in CBT.V508.FILE590.PDS, moved to PDS/ASM00017
2025-04-04 12:16:28.592405 - Found ASM00018.jcl (text/plain) in CBT.V508.FILE590.PDS, moved to PDS/ASM00018
2025-04-04 12:16:28.592575 - Found ASM00019.jcl (text/plain) in CBT.V508.FILE590.PDS, moved to PDS/ASM00019
2025-04-04 12:16:28.592723 - Found ASM00020.jcl (text/plain) in CBT.V508.FILE590.PDS, moved to PDS/ASM00020
2025-04-04 12:16:28.592863 - Found ASM00021.jcl (text/plain) in CBT.V508.FILE590.PDS, moved to PDS/ASM00021
2025-04-04 12:16:28.593000 - Found ASM00022.jcl (text/plain) in CBT.V508.FILE590.PDS, moved to PDS/ASM00022
2025-04-04 12:16:28.593138 - Found ASM00023.jcl (text/plain) in CBT.V508.FILE590.PDS, moved to PDS/ASM00023
2025-04-04 12:16:28.593272 - Found ASM00024.jcl (text/plain) in CBT.V508.FILE590.PDS, moved to PDS/ASM00024
2025-04-04 12:16:28.593407 - Found ASM00025.jcl (text/plain) in CBT.V508.FILE590.PDS, moved to PDS/ASM00025
2025-04-04 12:16:28.593579 - Found ASM00026.jcl (text/plain) in CBT.V508.FILE590.PDS, moved to PDS/ASM00026
2025-04-04 12:16:28.593726 - Found ASM00027.jcl (text/plain) in CBT.V508.FILE590.PDS, moved to PDS/ASM00027
2025-04-04 12:16:28.593859 - Found ASM00028.jcl (text/plain) in CBT.V508.FILE590.PDS, moved to PDS/ASM00028
2025-04-04 12:16:28.593980 - Found ASM00029.jcl (text/plain) in CBT.V508.FILE590.PDS, moved to PDS/ASM00029
2025-04-04 12:16:28.594120 - Found ASM00030.jcl (text/plain) in CBT.V508.FILE590.PDS, moved to PDS/ASM00030
2025-04-04 12:16:28.594259 - Found ASM00031.jcl (text/plain) in CBT.V508.FILE590.PDS, moved to PDS/ASM00031
2025-04-04 12:16:28.594404 - Found ASM00032.jcl (text/plain) in CBT.V508.FILE590.PDS, moved to PDS/ASM00032
2025-04-04 12:16:28.595043 - Found ASM00033.jcl (text/plain) in CBT.V508.FILE590.PDS, moved to PDS/ASM00033
2025-04-04 12:16:28.595222 - Found ASM00034.jcl (text/plain) in CBT.V508.FILE590.PDS, moved to PDS/ASM00034
2025-04-04 12:16:28.595621 - Found ASM00035.jcl (text/plain) in CBT.V508.FILE590.PDS, moved to PDS/ASM00035
2025-04-04 12:16:28.595792 - Found ASM00036.jcl (text/plain) in CBT.V508.FILE590.PDS, moved to PDS/ASM00036
2025-04-04 12:16:28.596299 - Found ASM00037.jcl (text/plain) in CBT.V508.FILE590.PDS, moved to PDS/ASM00037
2025-04-04 12:16:28.596459 - Found ASM00038.jcl (text/plain) in CBT.V508.FILE590.PDS, moved to PDS/ASM00038
2025-04-04 12:16:28.596597 - Found ASM00039.jcl (text/plain) in CBT.V508.FILE590.PDS, moved to PDS/ASM00039
2025-04-04 12:16:28.596747 - Found ASM00040.jcl (text/plain) in CBT.V508.FILE590.PDS, moved to PDS/ASM00040
2025-04-04 12:16:28.596866 - Found ASM00041.jcl (text/plain) in CBT.V508.FILE590.PDS, moved to PDS/ASM00041
2025-04-04 12:16:28.596998 - Found ASM00042.jcl (text/plain) in CBT.V508.FILE590.PDS, moved to PDS/ASM00042
2025-04-04 12:16:28.597114 - Found ASM00043.jcl (text/plain) in CBT.V508.FILE590.PDS, moved to PDS/ASM00043
2025-04-04 12:16:28.597245 - Found ASM00044.jcl (text/plain) in CBT.V508.FILE590.PDS, moved to PDS/ASM00044
2025-04-04 12:16:28.597382 - Found ASM00045.jcl (text/plain) in CBT.V508.FILE590.PDS, moved to PDS/ASM00045
2025-04-04 12:16:28.597515 - Found ASM00046.jcl (text/plain) in CBT.V508.FILE590.PDS, moved to PDS/ASM00046
2025-04-04 12:16:28.597667 - Found ASM00047.jcl (text/plain) in CBT.V508.FILE590.PDS, moved to PDS/ASM00047
2025-04-04 12:16:28.597792 - Found ASM00048.jcl (text/plain) in CBT.V508.FILE590.PDS, moved to PDS/ASM00048
2025-04-04 12:16:28.597916 - Found ASM00049.txt (text/plain) in CBT.V508.FILE590.PDS, moved to PDS/ASM00049
2025-04-04 12:16:28.598042 - Found ASM00050.jcl (text/plain) in CBT.V508.FILE590.PDS, moved to PDS/ASM00050
2025-04-04 12:16:28.598175 - Found ASM00051.jcl (text/plain) in CBT.V508.FILE590.PDS, moved to PDS/ASM00051
2025-04-04 12:16:28.598298 - Found ASM00052.jcl (text/plain) in CBT.V508.FILE590.PDS, moved to PDS/ASM00052
2025-04-04 12:16:28.598429 - Found ASM00053.jcl (text/plain) in CBT.V508.FILE590.PDS, moved to PDS/ASM00053
2025-04-04 12:16:28.598593 - Found ASM00054.jcl (text/plain) in CBT.V508.FILE590.PDS, moved to PDS/ASM00054
2025-04-04 12:16:28.598717 - Found ASM00055.jcl (text/plain) in CBT.V508.FILE590.PDS, moved to PDS/ASM00055
2025-04-04 12:16:28.598838 - Found ASM00056.jcl (text/plain) in CBT.V508.FILE590.PDS, moved to PDS/ASM00056
2025-04-04 12:16:28.598970 - Found ASM00057.jcl (text/plain) in CBT.V508.FILE590.PDS, moved to PDS/ASM00057
2025-04-04 12:16:28.599104 - Found ASM00058.jcl (text/plain) in CBT.V508.FILE590.PDS, moved to PDS/ASM00058
2025-04-04 12:16:28.599219 - Found ASM00059.jcl (text/plain) in CBT.V508.FILE590.PDS, moved to PDS/ASM00059
2025-04-04 12:16:28.599343 - Found ASM00060.jcl (text/plain) in CBT.V508.FILE590.PDS, moved to PDS/ASM00060
2025-04-04 12:16:28.599481 - Found ASM00061.jcl (text/plain) in CBT.V508.FILE590.PDS, moved to PDS/ASM00061
2025-04-04 12:16:28.599613 - Found ASM00062.txt (text/plain) in CBT.V508.FILE590.PDS, moved to PDS/ASM00062
